<?xml version="1.0" encoding="utf-8"?><testsuites name="pytest tests"><testsuite name="pytest" errors="0" failures="0" skipped="0" tests="3" time="1.811" timestamp="2026-08-15T23:36:38.005356+00:00" hostname="agent-env-e840500b-6db0-44a4-8a5f-5fe6f1ddec4b"><testcase classname="tests.test_nest_api" name="test_root_and_listings" time="0.366" /><testcase classname="tests.test_nest_api" name="test_listing_filters" time="0.141" /><testcase classname="tests.test_nest_api" name="test_booking_maintenance_contact" time="0.467" /></testsuite></testsuites>