<?xml version="1.0" encoding="utf-8"?><testsuites name="pytest tests"><testsuite name="pytest" errors="0" failures="1" skipped="0" tests="26" time="9.753" timestamp="2026-08-16T20:24:17.733864+00:00" hostname="agent-env-e840500b-6db0-44a4-8a5f-5fe6f1ddec4b"><testcase classname="tests.test_nest_api" name="test_health" time="0.291" /><testcase classname="tests.test_nest_api" name="test_list_properties_seeded" time="0.122" /><testcase classname="tests.test_nest_api" name="test_facets" time="0.185" /><testcase classname="tests.test_nest_api" name="test_filter_city" time="0.127" /><testcase classname="tests.test_nest_api" name="test_filter_max_rent" time="0.171" /><testcase classname="tests.test_nest_api" name="test_filter_bedrooms" time="0.121" /><testcase classname="tests.test_nest_api" name="test_search_query" time="0.119" /><testcase classname="tests.test_nest_api" name="test_get_single_property" time="0.240" /><testcase classname="tests.test_nest_api" name="test_register_returns_token" time="0.374" /><testcase classname="tests.test_nest_api" name="test_admin_login_and_me" time="0.437" /><testcase classname="tests.test_nest_api" name="test_login_wrong_password" time="0.345" /><testcase classname="tests.test_nest_api" name="test_logout" time="0.471" /><testcase classname="tests.test_nest_api" name="test_brute_force_lockout" time="0.717"><failure message="AssertionError: expected 429 in [401, 401, 401, 401, 401, 401]&#10;assert 429 in [401, 401, 401, 401, 401, 401]">backend/tests/test_nest_api.py:158: in test_brute_force_lockout
    assert 429 in codes, f"expected 429 in {codes}"
E   AssertionError: expected 429 in [401, 401, 401, 401, 401, 401]
E   assert 429 in [401, 401, 401, 401, 401, 401]</failure></testcase><testcase classname="tests.test_nest_api" name="test_user_cannot_create_property" time="0.112" /><testcase classname="tests.test_nest_api" name="test_admin_property_crud" time="0.873" /><testcase classname="tests.test_nest_api" name="test_upload_requires_auth" time="0.103" /><testcase classname="tests.test_nest_api" name="test_upload_image_and_serve" time="0.227" /><testcase classname="tests.test_nest_api" name="test_wishlist_toggle_and_list" time="0.450" /><testcase classname="tests.test_nest_api" name="test_saved_search_crud" time="0.359" /><testcase classname="tests.test_nest_api" name="test_comment_flow" time="0.617" /><testcase classname="tests.test_nest_api" name="test_bookings_flow" time="0.860" /><testcase classname="tests.test_nest_api" name="test_application_flow" time="0.678" /><testcase classname="tests.test_nest_api" name="test_maintenance_flow" time="0.437" /><testcase classname="tests.test_nest_api" name="test_notifications" time="0.201" /><testcase classname="tests.test_nest_api" name="test_contact" time="0.111" /><testcase classname="tests.test_nest_api" name="test_admin_stats_and_users" time="0.314" /></testsuite></testsuites>